45767
44783
44758
44735
42728
42483
42475
41668
41560
41437
41425
41424
41410
41403
41375
41353
41299
41284
41141
41140
41127
41046
41045
40931
40889
40862
40854
40822
40801
40800
40776
40772
40766
40746
40744
40523
40521
45767
45673
45667
45663
45658
43732
43724
42743
42642
42509
42170
42166
41942
41940
41863
41819
41693
41689
40615
45767
43757
43643
43636
43632
43631
45767
43757
45767
43757
42769
42744
42654
42002
41888
41823
41597
41557
41552
41551
41550
41489
41486
41482
41458
41402
41399
41390
41388
41382
41369
41184
41169
41119
41111
41099
41040
45767
45767
45767
43597
43377
42726
41664
41639
41616
41277
41275
41270
40599
40597
40588
40580
40560
40516
40513
40511
40510
40504
40447
40386
40375
40357
39720
39714
39665
39664
39583
39577
39573
39071
38992
38304
38057
38047
38045
38040
38035
38033
38032
38030
38017
38004
37981
37678
37621
37582
37581
37533
37444
37441
37439
37363
37278
37272
37250
37194
37166
37155
37120
37013
37006
37001
37000
36996
36987
36973
36952
36944
36862
36794
36791
36787
36783
36753
36739
36737
36725
36629
36558
36548
36138
36130
36128
36115
36112
36108
35658
35650
35534
35490
35488
35452
35442
35301
35300
35298
35287
35279
35277
35275
35258
35257
35256
35255
35034
35030
35023
35022
35011
34998
34898
34893
34806
34666
34649
34646
34641
34624
34623
34618
34612
34598
34117
34111
33936
33920
33916
33913
33910
33898
33880
33875
33832
33824
33823
33817
33789
33781
33778
33777
33765
33751
33750
33700
33685
33676
33519
33511
33510
33509
33506
33503
33501
33488
33485
33473
33422
33407
33383
33367
33358
33348
33327
33326
33302
33283
33282
33265
33263
33115
33114
32897
32846
32845
32821
32783
32782
32755
32733
32721
32715
32693
32683
32679
32667
32664
32642
32630
32519
32517
32505
32409
32334
32329
32325
32316
32293
32290
32285
32206
32205
32192
32151
32129
32128
32114
32109
32094
32085
32082
32066
32060
32056
32055
32054
32053
31732
31676
31674
31650
31634
31628
31624
31620
31608
31601
31599
31596
31590
31589
31587
31535
31533
31519
31353
31348
31347
31262
31261
31260
31257
31253
31175
31151
31141
31140
31139
31128
31095
31094
31093
31091
31090
31089
31088
31046
31021
31019
30878
30864
30862
30849
30848
30816
30813
30809
30761
30760
30649
30620
30612
30576
30574
30573
30559
30543
30458
30429
30399
30389
30387
30362
30310
30305
30289
30272
30271
30260
30254
30245
30239
30234
30230
30221
30205
30204
30201
30198
30194
30173
30139
30128
30118
30114
30111
30007
30004
29990
29989
29974
29970
29963
29915
29909
29905
29902
29901
29856
29845
29844
29843
29827
29823
29717
29705
29699
29695
29621
29616
29612
29608
29606
29603
29601
29597
29594
29586
29585
29584
29556
29546
29543
29540
29539
29530
29517
29493
29485
29476
29475
29439
29436
29433
29431
29358
29344
29342
29330
29321
29319
29307
29292
29291
29288
29286
29275
29274
29265
29241
29240
29189
29183
29181
29171
29169
29168
29126
29119
29104
29084
29073
29065
29059
29051
29050
29048
29046
29041
29025
29017
29004
28992
28988
28983
28969
28967
28964
28950
28943
28940
28846
28844
28843
28841
28837
28836
28835
28834
28833
28830
28808
28790
28776
28774
28772
28756
28752
28688
28687
28685
28683
28679
28672
28671
28667
28665
28651
28637
28630
28627
28609
28607
28555
28549
28546
28543
28537
28535
28534
28531
28529
28520
28485
28484
28478
28474
28472
28466
28463
28462
28444
28393
28392
28391
28388
28387
28386
28272
28264
28253
28239
28231
28230
28228
28227
28181
28162
28149
28126
28122
28113
28110
28099
28071
28067
28053
28048
28046
28045
28035
28016
28013
27991
27989
27985
27983
27906
27896
27887
27885
27861
27855
27849
27844
27841
27837
27835
27833
27828
27821
27817
27814
27813
27782
27776
27762
27761
27759
27754
27750
27746
27741
27738
27728
27721
27713
27692
27680
27679
27677
27670
27663
27654
27652
27640
27639
27638
27632
27625
27619
27586
27555
27554
27549
27544
27543
27538
27536
27535
27534
27506
27428
27426
27415
27397
27391
27389
27388
27370
27354
27345
27266
27212
27210
27202
27192
27180
27179
27178
27153
27149
27146
27140
27139
27132
27128
27127
27123
27115
27114
27111
27096
27092
27091
27088
27083
27043
27030
26995
26976
26975
26967
26918
26917
26897
26889
26885
26693
26682
26668
26665
26664
26661
26654
26645
26644
26631
26622
26621
26617
26613
26611
26607
26598
26584
26555
26536
26526
26524
26516
26496
26486
26477
26471
26457
26407
26406
26395
26373
26372
26320
26319
26301
26269
26249
26247
26239
26238
26235
26234
26228
26200
26195
26183
26180
26174
26170
26157
26153
26061
26040
26036
26035
26032
26026
26020
26017
26016
26008
26007
25999
25982
25980
25978
25953
25951
25950
25947
25942
25941
25892
25890
25802
25790
25789
25770
25769
25734
25733
25732
25711
25691
25690
25688
25687
25669
25668
25665
25664
25648
25647
25643
25638
25637
25620
25612
25609
25606
25603
25602
25592
25254
25242
25241
25240
25176
25164
25147
25139
25110
25108
25098
25097
25094
25084
25082
25080
25072
25071
25049
25047
25045
25039
25038
24980
24976
24969
24962
24961
24953
24902
24896
24892
24890
24880
24879
24878
24860
24850
24844
24843
24841
24805
24793
24786
24782
24780
24766
24722
24656
24655
24635
24630
24623
24619
24613
24601
24585
24576
24569
24568
24561
24560
24558
24553
24549
24541
24536
24533
24528
24503
24501
24500
24236
24230
24225
24180
24179
24177
24174
24172
24171
24160
24157
24148
24139
24136
24135
24134
24121
24119
24115
24095
24094
24092
24050
24043
23962
23950
23945
23927
23923
23922
23917
23915
23907
23903
23894
23893
23827
23826
23824
23822
23821
23815
23810
23722
23720
23708
23682
23675
23663
23635
23631
23630
23625
23620
23617
23615
23614
23608
23605
23528
23526
23523
23519
23516
23505
23504
23502
23497
23482
23477
23476
23475
23453
23444
23436
23432
23418
23417
23413
23380
23379
23378
23375
23369
23357
23354
23344
23340
23338
23330
23323
23317
23315
23308
23305
23303
23290
23283
23238
23234
23228
23227
23215
23168
23158
23144
23084
23083
23079
23068
23066
23065
23060
23058
23054
23053
23044
23041
23038
23034
23030
23015
23003
22948
22946
22945
22942
22928
22926
22923
22922
22921
22916
22896
22890
22881
22822
22817
22808
22801
22774
22771
22769
22757
22756
22747
22745
22743
22742
22709
22699
22657
22656
22653
22652
22651
22650
22646
22621
22616
22607
22552
22461
22452
22448
22431
22426
22377
22368
22352
22346
22343
22339
22338
22336
22328
22321
22315
22314
22273
22272
22269
22256
22255
22249
22207
22180
22173
22171
22168
22166
22165
22163
22162
22155
22141
22125
22092
22088
22080
22076
22049
22045
22013
22011
22006
22003
22002
22000
21995
21994
21992
21989
21983
21982
21980
21976
21967
21960
21959
21956
21908
21904
21893
21890
21889
21873
21870
21858
21840
21818
21812
21809
21796
21795
21791
21789
21787
21725
21719
21716
21715
21702
21659
21656
21653
21636
21634
21627
21606
21605
21604
21601
21598
21594
21586
21585
21584
21583
21574
21573
21572
21570
21561
21477
21468
21465
21461
21457
21454
21450
21438
21423
21419
21408
21407
21406
21396
21387
21382
21349
21347
21344
21341
21340
21339
21338
21337
21325
21321
21315
21313
21307
21306
21303
21297
21295
21283
21281
21277
21266
21259
21257
21240
21237
21233
21232
21231
21230
21229
21228
21227
21207
21206
21128
21126
21114
21111
21108
21107
21106
21105
21100
21095
21091
21087
20990
20989
20985
20972
20964
20963
20943
20938
20919
20915
20909
20908
20901
20897
20891
20884
20881
20880
20853
20843
20835
20828
20814
20813
20812
20796
20794
20781
20773
20770
20752
20748
20747
20746
20745
20741
20736
20733
20728
20727
20726
20722
20715
20710
20695
20694
20692
20689
20687
20672
20671
20664
20511
20459
20458
20457
20451
20450
20448
20444
20439
20437
20428
20338
20334
20327
20326
20320
20297
20296
20290
20289
20288
20287
20268
20253
20249
20230
20229
20226
20222
20209
20203
20200
20199
20198
20196
20060
20059
20058
20055
20046
20031
20028
20027
20026
20025
20011
19989
19958
19952
19945
19943
19939
19930
19924
19889
19885
19875
19857
19849
19843
19839
19834
19833
19809
19808
19805
19802
19801
19789
19779
19725
19716
19715
19705
19701
19696
19681
19606
19601
19600
